{"C:\\Users\\OcheEmmy\\Desktop\\microverse-projects\\to_do_list\\src\\to-do-list.js": {"path":"C:\\Users\\OcheEmmy\\Desktop\\microverse-projects\\to_do_list\\src\\to-do-list.js","statementMap":{"0":{"start":{"line":1,"column":17},"end":{"line":17,"column":1}},"1":{"start":{"line":6,"column":4},"end":{"line":6,"column":21}},"2":{"start":{"line":10,"column":4},"end":{"line":10,"column":28}},"3":{"start":{"line":14,"column":4},"end":{"line":14,"column":22}}},"fnMap":{"0":{"name":"(anonymous_0)","decl":{"start":{"line":5,"column":2},"end":{"line":5,"column":3}},"loc":{"start":{"line":5,"column":21},"end":{"line":7,"column":3}},"line":5},"1":{"name":"(anonymous_1)","decl":{"start":{"line":9,"column":2},"end":{"line":9,"column":3}},"loc":{"start":{"line":9,"column":27},"end":{"line":11,"column":3}},"line":9},"2":{"name":"(anonymous_2)","decl":{"start":{"line":13,"column":2},"end":{"line":13,"column":3}},"loc":{"start":{"line":13,"column":22},"end":{"line":15,"column":3}},"line":13}},"branchMap":{},"s":{"0":2,"1":99,"2":23,"3":16},"f":{"0":99,"1":23,"2":16},"b":{},"_coverageSchema":"1a1c01bbd47fc00a2c39e90264f33305004495a9","hash":"bd29cf09229293c62afbd44edad40d4169c09a62"}
,"C:\\Users\\OcheEmmy\\Desktop\\microverse-projects\\to_do_list\\src\\jestFolder\\part1\\addTask.js": {"path":"C:\\Users\\OcheEmmy\\Desktop\\microverse-projects\\to_do_list\\src\\jestFolder\\part1\\addTask.js","statementMap":{"0":{"start":{"line":3,"column":14},"end":{"line":3,"column":59}},"1":{"start":{"line":4,"column":22},"end":{"line":4,"column":61}},"2":{"start":{"line":6,"column":19},"end":{"line":10,"column":1}},"3":{"start":{"line":7,"column":14},"end":{"line":7,"column":48}},"4":{"start":{"line":7,"column":37},"end":{"line":7,"column":47}},"5":{"start":{"line":8,"column":17},"end":{"line":8,"column":42}},"6":{"start":{"line":8,"column":36},"end":{"line":8,"column":41}},"7":{"start":{"line":9,"column":2},"end":{"line":9,"column":39}},"8":{"start":{"line":12,"column":22},"end":{"line":56,"column":1}},"9":{"start":{"line":13,"column":21},"end":{"line":13,"column":36}},"10":{"start":{"line":15,"column":2},"end":{"line":19,"column":3}},"11":{"start":{"line":16,"column":4},"end":{"line":16,"column":43}},"12":{"start":{"line":18,"column":4},"end":{"line":18,"column":11}},"13":{"start":{"line":21,"column":2},"end":{"line":53,"column":3}},"14":{"start":{"line":22,"column":4},"end":{"line":22,"column":36}},"15":{"start":{"line":23,"column":4},"end":{"line":23,"column":32}},"16":{"start":{"line":25,"column":20},"end":{"line":34,"column":15}},"17":{"start":{"line":36,"column":4},"end":{"line":36,"column":59}},"18":{"start":{"line":38,"column":4},"end":{"line":42,"column":6}},"19":{"start":{"line":48,"column":4},"end":{"line":50,"column":7}},"20":{"start":{"line":52,"column":4},"end":{"line":52,"column":23}},"21":{"start":{"line":55,"column":2},"end":{"line":55,"column":19}}},"fnMap":{"0":{"name":"(anonymous_0)","decl":{"start":{"line":6,"column":19},"end":{"line":6,"column":20}},"loc":{"start":{"line":6,"column":33},"end":{"line":10,"column":1}},"line":6},"1":{"name":"(anonymous_1)","decl":{"start":{"line":7,"column":27},"end":{"line":7,"column":28}},"loc":{"start":{"line":7,"column":37},"end":{"line":7,"column":47}},"line":7},"2":{"name":"(anonymous_2)","decl":{"start":{"line":8,"column":26},"end":{"line":8,"column":27}},"loc":{"start":{"line":8,"column":36},"end":{"line":8,"column":41}},"line":8},"3":{"name":"(anonymous_3)","decl":{"start":{"line":12,"column":22},"end":{"line":12,"column":23}},"loc":{"start":{"line":12,"column":28},"end":{"line":56,"column":1}},"line":12}},"branchMap":{"0":{"loc":{"start":{"line":15,"column":2},"end":{"line":19,"column":3}},"type":"if","locations":[{"start":{"line":15,"column":2},"end":{"line":19,"column":3}},{"start":{"line":17,"column":9},"end":{"line":19,"column":3}}],"line":15},"1":{"loc":{"start":{"line":21,"column":2},"end":{"line":53,"column":3}},"type":"if","locations":[{"start":{"line":21,"column":2},"end":{"line":53,"column":3}},{"start":{},"end":{}}],"line":21}},"s":{"0":2,"1":2,"2":2,"3":20,"4":37,"5":20,"6":17,"7":20,"8":2,"9":30,"10":30,"11":20,"12":10,"13":30,"14":23,"15":23,"16":23,"17":23,"18":23,"19":23,"20":23,"21":7},"f":{"0":20,"1":37,"2":17,"3":30},"b":{"0":[20,10],"1":[23,7]},"_coverageSchema":"1a1c01bbd47fc00a2c39e90264f33305004495a9","hash":"5d8e4697f7b8bd8196c9ab711ec00b5895c4c4d9"}
,"C:\\Users\\OcheEmmy\\Desktop\\microverse-projects\\to_do_list\\src\\jestFolder\\part2\\delete.js": {"path":"C:\\Users\\OcheEmmy\\Desktop\\microverse-projects\\to_do_list\\src\\jestFolder\\part2\\delete.js","statementMap":{"0":{"start":{"line":3,"column":20},"end":{"line":3,"column":59}},"1":{"start":{"line":4,"column":22},"end":{"line":4,"column":61}},"2":{"start":{"line":6,"column":36},"end":{"line":40,"column":1}},"3":{"start":{"line":7,"column":25},"end":{"line":7,"column":88}},"4":{"start":{"line":7,"column":64},"end":{"line":7,"column":87}},"5":{"start":{"line":9,"column":2},"end":{"line":39,"column":3}},"6":{"start":{"line":10,"column":21},"end":{"line":10,"column":85}},"7":{"start":{"line":10,"column":60},"end":{"line":10,"column":84}},"8":{"start":{"line":12,"column":4},"end":{"line":12,"column":33}},"9":{"start":{"line":13,"column":4},"end":{"line":28,"column":5}},"10":{"start":{"line":13,"column":17},"end":{"line":13,"column":18}},"11":{"start":{"line":14,"column":6},"end":{"line":14,"column":28}},"12":{"start":{"line":16,"column":22},"end":{"line":25,"column":13}},"13":{"start":{"line":27,"column":6},"end":{"line":27,"column":61}},"14":{"start":{"line":29,"column":4},"end":{"line":29,"column":33}},"15":{"start":{"line":30,"column":4},"end":{"line":32,"column":7}},"16":{"start":{"line":33,"column":4},"end":{"line":33,"column":49}},"17":{"start":{"line":34,"column":4},"end":{"line":34,"column":49}},"18":{"start":{"line":36,"column":4},"end":{"line":38,"column":5}},"19":{"start":{"line":37,"column":6},"end":{"line":37,"column":41}},"20":{"start":{"line":42,"column":22},"end":{"line":91,"column":1}},"21":{"start":{"line":43,"column":2},"end":{"line":89,"column":3}},"22":{"start":{"line":44,"column":28},"end":{"line":44,"column":62}},"23":{"start":{"line":45,"column":4},"end":{"line":45,"column":29}},"24":{"start":{"line":46,"column":21},"end":{"line":46,"column":78}},"25":{"start":{"line":46,"column":60},"end":{"line":46,"column":77}},"26":{"start":{"line":48,"column":4},"end":{"line":48,"column":33}},"27":{"start":{"line":49,"column":4},"end":{"line":63,"column":5}},"28":{"start":{"line":49,"column":17},"end":{"line":49,"column":18}},"29":{"start":{"line":50,"column":6},"end":{"line":50,"column":28}},"30":{"start":{"line":52,"column":22},"end":{"line":60,"column":13}},"31":{"start":{"line":62,"column":6},"end":{"line":62,"column":61}},"32":{"start":{"line":65,"column":4},"end":{"line":81,"column":5}},"33":{"start":{"line":66,"column":6},"end":{"line":66,"column":35}},"34":{"start":{"line":67,"column":34},"end":{"line":67,"column":84}},"35":{"start":{"line":67,"column":60},"end":{"line":67,"column":83}},"36":{"start":{"line":68,"column":6},"end":{"line":74,"column":7}},"37":{"start":{"line":69,"column":8},"end":{"line":69,"column":56}},"38":{"start":{"line":70,"column":8},"end":{"line":70,"column":50}},"39":{"start":{"line":72,"column":8},"end":{"line":72,"column":53}},"40":{"start":{"line":73,"column":8},"end":{"line":73,"column":53}},"41":{"start":{"line":76,"column":6},"end":{"line":78,"column":9}},"42":{"start":{"line":80,"column":6},"end":{"line":80,"column":35}},"43":{"start":{"line":82,"column":4},"end":{"line":82,"column":27}},"44":{"start":{"line":83,"column":4},"end":{"line":83,"column":39}},"45":{"start":{"line":84,"column":4},"end":{"line":86,"column":7}},"46":{"start":{"line":88,"column":4},"end":{"line":88,"column":21}},"47":{"start":{"line":90,"column":2},"end":{"line":90,"column":19}}},"fnMap":{"0":{"name":"(anonymous_0)","decl":{"start":{"line":6,"column":36},"end":{"line":6,"column":37}},"loc":{"start":{"line":6,"column":42},"end":{"line":40,"column":1}},"line":6},"1":{"name":"(anonymous_1)","decl":{"start":{"line":7,"column":54},"end":{"line":7,"column":55}},"loc":{"start":{"line":7,"column":64},"end":{"line":7,"column":87}},"line":7},"2":{"name":"(anonymous_2)","decl":{"start":{"line":10,"column":50},"end":{"line":10,"column":51}},"loc":{"start":{"line":10,"column":60},"end":{"line":10,"column":84}},"line":10},"3":{"name":"(anonymous_3)","decl":{"start":{"line":42,"column":22},"end":{"line":42,"column":23}},"loc":{"start":{"line":42,"column":30},"end":{"line":91,"column":1}},"line":42},"4":{"name":"(anonymous_4)","decl":{"start":{"line":46,"column":50},"end":{"line":46,"column":51}},"loc":{"start":{"line":46,"column":60},"end":{"line":46,"column":77}},"line":46},"5":{"name":"(anonymous_5)","decl":{"start":{"line":67,"column":50},"end":{"line":67,"column":51}},"loc":{"start":{"line":67,"column":60},"end":{"line":67,"column":83}},"line":67}},"branchMap":{"0":{"loc":{"start":{"line":9,"column":2},"end":{"line":39,"column":3}},"type":"if","locations":[{"start":{"line":9,"column":2},"end":{"line":39,"column":3}},{"start":{},"end":{}}],"line":9},"1":{"loc":{"start":{"line":36,"column":4},"end":{"line":38,"column":5}},"type":"if","locations":[{"start":{"line":36,"column":4},"end":{"line":38,"column":5}},{"start":{},"end":{}}],"line":36},"2":{"loc":{"start":{"line":43,"column":2},"end":{"line":89,"column":3}},"type":"if","locations":[{"start":{"line":43,"column":2},"end":{"line":89,"column":3}},{"start":{},"end":{}}],"line":43},"3":{"loc":{"start":{"line":54,"column":35},"end":{"line":54,"column":73}},"type":"cond-expr","locations":[{"start":{"line":54,"column":59},"end":{"line":54,"column":68}},{"start":{"line":54,"column":71},"end":{"line":54,"column":73}}],"line":54},"4":{"loc":{"start":{"line":55,"column":86},"end":{"line":55,"column":167}},"type":"cond-expr","locations":[{"start":{"line":55,"column":110},"end":{"line":55,"column":162}},{"start":{"line":55,"column":165},"end":{"line":55,"column":167}}],"line":55},"5":{"loc":{"start":{"line":65,"column":4},"end":{"line":81,"column":5}},"type":"if","locations":[{"start":{"line":65,"column":4},"end":{"line":81,"column":5}},{"start":{},"end":{}}],"line":65},"6":{"loc":{"start":{"line":68,"column":6},"end":{"line":74,"column":7}},"type":"if","locations":[{"start":{"line":68,"column":6},"end":{"line":74,"column":7}},{"start":{"line":71,"column":13},"end":{"line":74,"column":7}}],"line":68}},"s":{"0":1,"1":1,"2":1,"3":4,"4":9,"5":4,"6":2,"7":8,"8":2,"9":2,"10":2,"11":4,"12":4,"13":4,"14":2,"15":2,"16":2,"17":2,"18":2,"19":0,"20":1,"21":3,"22":2,"23":2,"24":2,"25":5,"26":2,"27":2,"28":2,"29":3,"30":3,"31":3,"32":2,"33":2,"34":2,"35":3,"36":2,"37":0,"38":0,"39":2,"40":2,"41":2,"42":2,"43":0,"44":0,"45":0,"46":0,"47":1},"f":{"0":4,"1":9,"2":8,"3":3,"4":5,"5":3},"b":{"0":[2,2],"1":[0,2],"2":[2,1],"3":[0,3],"4":[0,3],"5":[2,0],"6":[0,2]},"_coverageSchema":"1a1c01bbd47fc00a2c39e90264f33305004495a9","hash":"f70d4fe93e40f4e9be009b428a78ed604b473842"}
}
