TN:
SF:src\to-do-list.js
FN:5,(anonymous_0)
FN:9,(anonymous_1)
FN:13,(anonymous_2)
FNF:3
FNH:3
FNDA:180,(anonymous_0)
FNDA:43,(anonymous_1)
FNDA:36,(anonymous_2)
DA:1,4
DA:6,180
DA:10,43
DA:14,36
LF:4
LH:4
BRF:0
BRH:0
end_of_record
TN:
SF:src\jestFolder\part1\addTask.js
FN:6,(anonymous_0)
FN:7,(anonymous_1)
FN:8,(anonymous_2)
FN:12,(anonymous_3)
FNF:4
FNH:4
FNDA:31,(anonymous_0)
FNDA:53,(anonymous_1)
FNDA:22,(anonymous_2)
FNDA:50,(anonymous_3)
DA:3,4
DA:4,4
DA:6,4
DA:7,53
DA:8,31
DA:9,31
DA:12,4
DA:13,50
DA:15,50
DA:16,31
DA:18,19
DA:21,50
DA:22,43
DA:23,43
DA:25,43
DA:36,43
DA:38,43
DA:48,43
DA:52,43
DA:55,7
LF:20
LH:20
BRDA:15,0,0,31
BRDA:15,0,1,19
BRDA:21,1,0,43
BRDA:21,1,1,7
BRF:4
BRH:4
end_of_record
TN:
SF:src\jestFolder\part1\delete.js
FN:6,(anonymous_0)
FN:7,(anonymous_1)
FN:10,(anonymous_2)
FN:42,(anonymous_3)
FN:46,(anonymous_4)
FN:67,(anonymous_5)
FNF:6
FNH:6
FNDA:4,(anonymous_0)
FNDA:9,(anonymous_1)
FNDA:8,(anonymous_2)
FNDA:3,(anonymous_3)
FNDA:5,(anonymous_4)
FNDA:3,(anonymous_5)
DA:3,1
DA:4,1
DA:6,1
DA:7,9
DA:9,4
DA:10,8
DA:12,2
DA:13,2
DA:14,4
DA:16,4
DA:27,4
DA:29,2
DA:30,2
DA:33,2
DA:34,2
DA:36,2
DA:37,0
DA:42,1
DA:43,3
DA:44,2
DA:45,2
DA:46,5
DA:48,2
DA:49,2
DA:50,3
DA:52,3
DA:62,3
DA:65,2
DA:66,2
DA:67,3
DA:68,2
DA:69,0
DA:70,0
DA:72,2
DA:73,2
DA:76,2
DA:80,2
DA:82,0
DA:83,0
DA:84,0
DA:88,0
DA:90,1
LF:42
LH:35
BRDA:9,0,0,2
BRDA:9,0,1,2
BRDA:36,1,0,0
BRDA:36,1,1,2
BRDA:43,2,0,2
BRDA:43,2,1,1
BRDA:54,3,0,0
BRDA:54,3,1,3
BRDA:55,4,0,0
BRDA:55,4,1,3
BRDA:65,5,0,2
BRDA:65,5,1,0
BRDA:68,6,0,0
BRDA:68,6,1,2
BRF:14
BRH:9
end_of_record
TN:
SF:src\jestFolder\part2\completed.js
FN:3,(anonymous_0)
FNF:1
FNH:1
FNDA:8,(anonymous_0)
DA:3,1
DA:4,8
DA:5,8
DA:6,8
DA:7,8
DA:8,8
DA:9,5
DA:10,5
DA:12,5
DA:13,15
DA:14,5
DA:15,5
DA:17,10
DA:20,5
DA:22,3
DA:23,3
DA:24,3
DA:25,12
DA:26,3
DA:27,3
DA:29,9
DA:32,3
DA:34,8
LF:23
LH:23
BRDA:8,0,0,5
BRDA:8,0,1,3
BRDA:13,1,0,5
BRDA:13,1,1,10
BRDA:25,2,0,3
BRDA:25,2,1,9
BRF:6
BRH:6
end_of_record
TN:
SF:src\jestFolder\part2\editToDo.js
FN:3,(anonymous_0)
FNF:1
FNH:1
FNDA:4,(anonymous_0)
DA:3,1
DA:4,4
DA:6,4
DA:8,4
DA:9,3
DA:10,3
DA:12,3
DA:14,3
DA:19,4
LF:9
LH:9
BRDA:8,0,0,3
BRDA:8,0,1,1
BRF:2
BRH:2
end_of_record
