TN:
SF:src\to-do-list.js
FN:5,(anonymous_0)
FN:9,(anonymous_1)
FN:13,(anonymous_2)
FNF:3
FNH:3
FNDA:39,(anonymous_0)
FNDA:9,(anonymous_1)
FNDA:5,(anonymous_2)
DA:1,1
DA:6,39
DA:10,9
DA:14,5
LF:4
LH:4
BRF:0
BRH:0
end_of_record
TN:
SF:src\jestFolder\part1\addTask.js
FN:6,(anonymous_0)
FN:7,(anonymous_1)
FN:8,(anonymous_2)
FN:12,(anonymous_3)
FNF:4
FNH:4
FNDA:10,(anonymous_0)
FNDA:20,(anonymous_1)
FNDA:10,(anonymous_2)
FNDA:15,(anonymous_3)
DA:3,1
DA:4,1
DA:6,1
DA:7,20
DA:8,10
DA:9,10
DA:12,1
DA:13,15
DA:15,15
DA:16,10
DA:18,5
DA:21,15
DA:22,9
DA:23,9
DA:25,9
DA:36,9
DA:38,9
DA:48,9
DA:52,9
DA:55,6
LF:20
LH:20
BRDA:15,0,0,10
BRDA:15,0,1,5
BRDA:21,1,0,9
BRDA:21,1,1,6
BRF:4
BRH:4
end_of_record
